[0.096s] DEBUG:colcon:Command line arguments: ['/usr/bin/colcon', 'build', '--symlink-install']
[0.096s] DEBUG:colcon:Parsed command line arguments: Namespace(log_base=None, log_level=None, verb_name='build', build_base='build', install_base='install', merge_install=False, symlink_install=True, test_result_base=None, continue_on_error=False, executor='parallel', parallel_workers=8, event_handlers=None, ignore_user_meta=False, metas=['./colcon.meta'], base_paths=['.'], packages_ignore=None, packages_ignore_regex=None, paths=None, packages_up_to=None, packages_up_to_regex=None, packages_above=None, packages_above_and_dependencies=None, packages_above_depth=None, packages_select_by_dep=None, packages_skip_by_dep=None, packages_skip_up_to=None, packages_select_build_failed=False, packages_skip_build_finished=False, packages_select_test_failures=False, packages_skip_test_passed=False, packages_select=None, packages_skip=None, packages_select_regex=None, packages_skip_regex=None, packages_start=None, packages_end=None, allow_overriding=[], cmake_args=None, cmake_target=None, cmake_target_skip_unavailable=False, cmake_clean_cache=False, cmake_clean_first=False, cmake_force_configure=False, ament_cmake_args=None, catkin_cmake_args=None, catkin_skip_building_tests=False, mixin_files=None, mixin=None, verb_parser=<colcon_mixin.mixin.mixin_argument.MixinArgumentDecorator object at 0x7b703cf94c80>, verb_extension=<colcon_core.verb.build.BuildVerb object at 0x7b703cf422d0>, main=<bound method BuildVerb.main of <colcon_core.verb.build.BuildVerb object at 0x7b703cf422d0>>, mixin_verb=('build',))
[0.131s] Level 1:colcon.colcon_core.package_discovery:discover_packages(colcon_meta) check parameters
[0.131s] Level 1:colcon.colcon_core.package_discovery:discover_packages(recursive) check parameters
[0.131s] Level 1:colcon.colcon_core.package_discovery:discover_packages(ignore) check parameters
[0.131s] Level 1:colcon.colcon_core.package_discovery:discover_packages(path) check parameters
[0.131s] Level 1:colcon.colcon_core.package_discovery:discover_packages(colcon_meta) discover
[0.131s] Level 1:colcon.colcon_core.package_discovery:discover_packages(recursive) discover
[0.132s] INFO:colcon.colcon_core.package_discovery:Crawling recursively for packages in '/home/jahnavi-srikoti/drone_project_jazzy(1)/drone_project/ros2_ws'
[0.132s] Level 1:colcon.colcon_core.package_identification:_identify(.) by extensions ['ignore', 'ignore_ament_install']
[0.132s] Level 1:colcon.colcon_core.package_identification:_identify(.) by extension 'ignore'
[0.132s] Level 1:colcon.colcon_core.package_identification:_identify(.) by extension 'ignore_ament_install'
[0.132s] Level 1:colcon.colcon_core.package_identification:_identify(.) by extensions ['colcon_pkg']
[0.132s] Level 1:colcon.colcon_core.package_identification:_identify(.) by extension 'colcon_pkg'
[0.132s] Level 1:colcon.colcon_core.package_identification:_identify(.) by extensions ['colcon_meta']
[0.132s] Level 1:colcon.colcon_core.package_identification:_identify(.) by extension 'colcon_meta'
[0.132s] Level 1:colcon.colcon_core.package_identification:_identify(.) by extensions ['ros']
[0.132s] Level 1:colcon.colcon_core.package_identification:_identify(.) by extension 'ros'
[0.157s] Level 1:colcon.colcon_core.package_identification:_identify(.) by extensions ['cmake', 'python']
[0.157s] Level 1:colcon.colcon_core.package_identification:_identify(.) by extension 'cmake'
[0.157s] Level 1:colcon.colcon_core.package_identification:_identify(.) by extension 'python'
[0.157s] Level 1:colcon.colcon_core.package_identification:_identify(.) by extensions ['python_setup_py']
[0.157s] Level 1:colcon.colcon_core.package_identification:_identify(.) by extension 'python_setup_py'
[0.157s] Level 1:colcon.colcon_core.package_identification:_identify(build) by extensions ['ignore', 'ignore_ament_install']
[0.157s] Level 1:colcon.colcon_core.package_identification:_identify(build) by extension 'ignore'
[0.157s] Level 1:colcon.colcon_core.package_identification:_identify(build) ignored
[0.157s] Level 1:colcon.colcon_core.package_identification:_identify(install) by extensions ['ignore', 'ignore_ament_install']
[0.157s] Level 1:colcon.colcon_core.package_identification:_identify(install) by extension 'ignore'
[0.157s] Level 1:colcon.colcon_core.package_identification:_identify(install) ignored
[0.157s] Level 1:colcon.colcon_core.package_identification:_identify(log) by extensions ['ignore', 'ignore_ament_install']
[0.157s] Level 1:colcon.colcon_core.package_identification:_identify(log) by extension 'ignore'
[0.157s] Level 1:colcon.colcon_core.package_identification:_identify(log) ignored
[0.157s] Level 1:colcon.colcon_core.package_identification:_identify(src) by extensions ['ignore', 'ignore_ament_install']
[0.157s] Level 1:colcon.colcon_core.package_identification:_identify(src) by extension 'ignore'
[0.157s] Level 1:colcon.colcon_core.package_identification:_identify(src) by extension 'ignore_ament_install'
[0.157s] Level 1:colcon.colcon_core.package_identification:_identify(src) by extensions ['colcon_pkg']
[0.158s] Level 1:colcon.colcon_core.package_identification:_identify(src) by extension 'colcon_pkg'
[0.158s] Level 1:colcon.colcon_core.package_identification:_identify(src) by extensions ['colcon_meta']
[0.158s] Level 1:colcon.colcon_core.package_identification:_identify(src) by extension 'colcon_meta'
[0.158s] Level 1:colcon.colcon_core.package_identification:_identify(src) by extensions ['ros']
[0.158s] Level 1:colcon.colcon_core.package_identification:_identify(src) by extension 'ros'
[0.158s] Level 1:colcon.colcon_core.package_identification:_identify(src) by extensions ['cmake', 'python']
[0.158s] Level 1:colcon.colcon_core.package_identification:_identify(src) by extension 'cmake'
[0.158s] Level 1:colcon.colcon_core.package_identification:_identify(src) by extension 'python'
[0.158s] Level 1:colcon.colcon_core.package_identification:_identify(src) by extensions ['python_setup_py']
[0.158s] Level 1:colcon.colcon_core.package_identification:_identify(src) by extension 'python_setup_py'
[0.158s] Level 1:colcon.colcon_core.package_identification:_identify(src/drone_fleet) by extensions ['ignore', 'ignore_ament_install']
[0.158s] Level 1:colcon.colcon_core.package_identification:_identify(src/drone_fleet) by extension 'ignore'
[0.158s] Level 1:colcon.colcon_core.package_identification:_identify(src/drone_fleet) by extension 'ignore_ament_install'
[0.158s] Level 1:colcon.colcon_core.package_identification:_identify(src/drone_fleet) by extensions ['colcon_pkg']
[0.158s] Level 1:colcon.colcon_core.package_identification:_identify(src/drone_fleet) by extension 'colcon_pkg'
[0.158s] Level 1:colcon.colcon_core.package_identification:_identify(src/drone_fleet) by extensions ['colcon_meta']
[0.158s] Level 1:colcon.colcon_core.package_identification:_identify(src/drone_fleet) by extension 'colcon_meta'
[0.158s] Level 1:colcon.colcon_core.package_identification:_identify(src/drone_fleet) by extensions ['ros']
[0.158s] Level 1:colcon.colcon_core.package_identification:_identify(src/drone_fleet) by extension 'ros'
[0.160s] DEBUG:colcon.colcon_core.package_identification:Package 'src/drone_fleet' with type 'ros.ament_cmake' and name 'drone_fleet'
[0.160s] Level 1:colcon.colcon_core.package_discovery:discover_packages(recursive) using defaults
[0.160s] Level 1:colcon.colcon_core.package_discovery:discover_packages(ignore) discover
[0.161s] Level 1:colcon.colcon_core.package_discovery:discover_packages(ignore) using defaults
[0.161s] Level 1:colcon.colcon_core.package_discovery:discover_packages(path) discover
[0.161s] Level 1:colcon.colcon_core.package_discovery:discover_packages(path) using defaults
[0.176s] Level 1:colcon.colcon_core.package_discovery:discover_packages(prefix_path) check parameters
[0.176s] Level 1:colcon.colcon_core.package_discovery:discover_packages(prefix_path) discover
[0.177s] WARNING:colcon.colcon_core.prefix_path.colcon:The path '/home/jahnavi-srikoti/ros2_ws/install' in the environment variable COLCON_PREFIX_PATH doesn't exist
[0.177s] WARNING:colcon.colcon_ros.prefix_path.ament:The path '/home/jahnavi-srikoti/ros2_ws/install/rplidar_ros' in the environment variable AMENT_PREFIX_PATH doesn't exist
[0.177s] WARNING:colcon.colcon_ros.prefix_path.catkin:The path '/home/jahnavi-srikoti/ros2_ws/install/rplidar_ros' in the environment variable CMAKE_PREFIX_PATH doesn't exist
[0.179s] DEBUG:colcon.colcon_installed_package_information.package_discovery:Found 294 installed packages in /opt/ros/jazzy
[0.180s] Level 1:colcon.colcon_core.package_discovery:discover_packages(prefix_path) using defaults
[0.218s] Level 5:colcon.colcon_core.verb:set package 'drone_fleet' build argument 'cmake_args' from command line to 'None'
[0.218s] Level 5:colcon.colcon_core.verb:set package 'drone_fleet' build argument 'cmake_target' from command line to 'None'
[0.218s] Level 5:colcon.colcon_core.verb:set package 'drone_fleet' build argument 'cmake_target_skip_unavailable' from command line to 'False'
[0.218s] Level 5:colcon.colcon_core.verb:set package 'drone_fleet' build argument 'cmake_clean_cache' from command line to 'False'
[0.218s] Level 5:colcon.colcon_core.verb:set package 'drone_fleet' build argument 'cmake_clean_first' from command line to 'False'
[0.218s] Level 5:colcon.colcon_core.verb:set package 'drone_fleet' build argument 'cmake_force_configure' from command line to 'False'
[0.218s] Level 5:colcon.colcon_core.verb:set package 'drone_fleet' build argument 'ament_cmake_args' from command line to 'None'
[0.219s] Level 5:colcon.colcon_core.verb:set package 'drone_fleet' build argument 'catkin_cmake_args' from command line to 'None'
[0.219s] Level 5:colcon.colcon_core.verb:set package 'drone_fleet' build argument 'catkin_skip_building_tests' from command line to 'False'
[0.219s] DEBUG:colcon.colcon_core.verb:Building package 'drone_fleet' with the following arguments: {'ament_cmake_args': None, 'build_base': '/home/jahnavi-srikoti/drone_project_jazzy(1)/drone_project/ros2_ws/build/drone_fleet', 'catkin_cmake_args': None, 'catkin_skip_building_tests': False, 'cmake_args': None, 'cmake_clean_cache': False, 'cmake_clean_first': False, 'cmake_force_configure': False, 'cmake_target': None, 'cmake_target_skip_unavailable': False, 'install_base': '/home/jahnavi-srikoti/drone_project_jazzy(1)/drone_project/ros2_ws/install/drone_fleet', 'merge_install': False, 'path': '/home/jahnavi-srikoti/drone_project_jazzy(1)/drone_project/ros2_ws/src/drone_fleet', 'symlink_install': True, 'test_result_base': None}
[0.219s] INFO:colcon.colcon_core.executor:Executing jobs using 'parallel' executor
[0.220s] DEBUG:colcon.colcon_parallel_executor.executor.parallel:run_until_complete
[0.220s] INFO:colcon.colcon_ros.task.ament_cmake.build:Building ROS package in '/home/jahnavi-srikoti/drone_project_jazzy(1)/drone_project/ros2_ws/src/drone_fleet' with build type 'ament_cmake'
[0.220s] INFO:colcon.colcon_cmake.task.cmake.build:Building CMake package in '/home/jahnavi-srikoti/drone_project_jazzy(1)/drone_project/ros2_ws/src/drone_fleet'
[0.222s] INFO:colcon.colcon_core.plugin_system:Skipping extension 'colcon_core.shell.bat': Not used on non-Windows systems
[0.222s] INFO:colcon.colcon_core.shell:Skip shell extension 'powershell' for command environment: Not usable outside of PowerShell
[0.222s] DEBUG:colcon.colcon_core.shell:Skip shell extension 'dsv' for command environment
[0.230s] DEBUG:colcon.colcon_core.event_handler.log_command:Invoking command in '/home/jahnavi-srikoti/drone_project_jazzy(1)/drone_project/ros2_ws/build/drone_fleet': CMAKE_PREFIX_PATH=${CMAKE_PREFIX_PATH}:/opt/ros/jazzy DEBUGINFOD_URLS=https://debuginfod.ubuntu.com PS1=\[\e]0;\u@\h: \w\a\]${debian_chroot:+($debian_chroot)}\[\033[01;32m\]\u@\h\[\033[00m\]:\[\033[01;34m\]\w\[\033[00m\]\$ VIRTUAL_ENV_PROMPT=(venv-ardupilot) /usr/bin/cmake /home/jahnavi-srikoti/drone_project_jazzy(1)/drone_project/ros2_ws/src/drone_fleet -DAMENT_CMAKE_SYMLINK_INSTALL=1 -DCMAKE_INSTALL_PREFIX=/home/jahnavi-srikoti/drone_project_jazzy(1)/drone_project/ros2_ws/install/drone_fleet
[1.465s] DEBUG:colcon.colcon_core.event_handler.log_command:Invoked command in '/home/jahnavi-srikoti/drone_project_jazzy(1)/drone_project/ros2_ws/build/drone_fleet' returned '0': CMAKE_PREFIX_PATH=${CMAKE_PREFIX_PATH}:/opt/ros/jazzy DEBUGINFOD_URLS=https://debuginfod.ubuntu.com PS1=\[\e]0;\u@\h: \w\a\]${debian_chroot:+($debian_chroot)}\[\033[01;32m\]\u@\h\[\033[00m\]:\[\033[01;34m\]\w\[\033[00m\]\$ VIRTUAL_ENV_PROMPT=(venv-ardupilot) /usr/bin/cmake /home/jahnavi-srikoti/drone_project_jazzy(1)/drone_project/ros2_ws/src/drone_fleet -DAMENT_CMAKE_SYMLINK_INSTALL=1 -DCMAKE_INSTALL_PREFIX=/home/jahnavi-srikoti/drone_project_jazzy(1)/drone_project/ros2_ws/install/drone_fleet
[1.466s] DEBUG:colcon.colcon_core.event_handler.log_command:Invoking command in '/home/jahnavi-srikoti/drone_project_jazzy(1)/drone_project/ros2_ws/build/drone_fleet': CMAKE_PREFIX_PATH=${CMAKE_PREFIX_PATH}:/opt/ros/jazzy DEBUGINFOD_URLS=https://debuginfod.ubuntu.com PS1=\[\e]0;\u@\h: \w\a\]${debian_chroot:+($debian_chroot)}\[\033[01;32m\]\u@\h\[\033[00m\]:\[\033[01;34m\]\w\[\033[00m\]\$ VIRTUAL_ENV_PROMPT=(venv-ardupilot) /usr/bin/cmake --build /home/jahnavi-srikoti/drone_project_jazzy(1)/drone_project/ros2_ws/build/drone_fleet -- -j8 -l8
[12.636s] DEBUG:colcon.colcon_core.event_handler.log_command:Invoked command in '/home/jahnavi-srikoti/drone_project_jazzy(1)/drone_project/ros2_ws/build/drone_fleet' returned '0': CMAKE_PREFIX_PATH=${CMAKE_PREFIX_PATH}:/opt/ros/jazzy DEBUGINFOD_URLS=https://debuginfod.ubuntu.com PS1=\[\e]0;\u@\h: \w\a\]${debian_chroot:+($debian_chroot)}\[\033[01;32m\]\u@\h\[\033[00m\]:\[\033[01;34m\]\w\[\033[00m\]\$ VIRTUAL_ENV_PROMPT=(venv-ardupilot) /usr/bin/cmake --build /home/jahnavi-srikoti/drone_project_jazzy(1)/drone_project/ros2_ws/build/drone_fleet -- -j8 -l8
[12.647s] DEBUG:colcon.colcon_core.event_handler.log_command:Invoking command in '/home/jahnavi-srikoti/drone_project_jazzy(1)/drone_project/ros2_ws/build/drone_fleet': CMAKE_PREFIX_PATH=${CMAKE_PREFIX_PATH}:/opt/ros/jazzy DEBUGINFOD_URLS=https://debuginfod.ubuntu.com PS1=\[\e]0;\u@\h: \w\a\]${debian_chroot:+($debian_chroot)}\[\033[01;32m\]\u@\h\[\033[00m\]:\[\033[01;34m\]\w\[\033[00m\]\$ VIRTUAL_ENV_PROMPT=(venv-ardupilot) /usr/bin/cmake --install /home/jahnavi-srikoti/drone_project_jazzy(1)/drone_project/ros2_ws/build/drone_fleet
[12.857s] Level 1:colcon.colcon_core.environment:create_environment_scripts_only(drone_fleet)
[12.857s] DEBUG:colcon.colcon_core.event_handler.log_command:Invoked command in '/home/jahnavi-srikoti/drone_project_jazzy(1)/drone_project/ros2_ws/build/drone_fleet' returned '0': CMAKE_PREFIX_PATH=${CMAKE_PREFIX_PATH}:/opt/ros/jazzy DEBUGINFOD_URLS=https://debuginfod.ubuntu.com PS1=\[\e]0;\u@\h: \w\a\]${debian_chroot:+($debian_chroot)}\[\033[01;32m\]\u@\h\[\033[00m\]:\[\033[01;34m\]\w\[\033[00m\]\$ VIRTUAL_ENV_PROMPT=(venv-ardupilot) /usr/bin/cmake --install /home/jahnavi-srikoti/drone_project_jazzy(1)/drone_project/ros2_ws/build/drone_fleet
[12.859s] Level 1:colcon.colcon_core.environment:checking '/home/jahnavi-srikoti/drone_project_jazzy(1)/drone_project/ros2_ws/install/drone_fleet' for CMake module files
[12.859s] Level 1:colcon.colcon_core.environment:checking '/home/jahnavi-srikoti/drone_project_jazzy(1)/drone_project/ros2_ws/install/drone_fleet' for CMake config files
[12.860s] Level 1:colcon.colcon_core.shell:create_environment_hook('drone_fleet', 'cmake_prefix_path')
[12.860s] INFO:colcon.colcon_core.shell:Creating environment hook '/home/jahnavi-srikoti/drone_project_jazzy(1)/drone_project/ros2_ws/install/drone_fleet/share/drone_fleet/hook/cmake_prefix_path.ps1'
[12.861s] INFO:colcon.colcon_core.shell:Creating environment descriptor '/home/jahnavi-srikoti/drone_project_jazzy(1)/drone_project/ros2_ws/install/drone_fleet/share/drone_fleet/hook/cmake_prefix_path.dsv'
[12.861s] INFO:colcon.colcon_core.shell:Creating environment hook '/home/jahnavi-srikoti/drone_project_jazzy(1)/drone_project/ros2_ws/install/drone_fleet/share/drone_fleet/hook/cmake_prefix_path.sh'
[12.862s] Level 1:colcon.colcon_core.environment:checking '/home/jahnavi-srikoti/drone_project_jazzy(1)/drone_project/ros2_ws/install/drone_fleet/lib'
[12.862s] Level 1:colcon.colcon_core.environment:checking '/home/jahnavi-srikoti/drone_project_jazzy(1)/drone_project/ros2_ws/install/drone_fleet/bin'
[12.862s] Level 1:colcon.colcon_core.environment:checking '/home/jahnavi-srikoti/drone_project_jazzy(1)/drone_project/ros2_ws/install/drone_fleet/lib/pkgconfig/drone_fleet.pc'
[12.862s] Level 1:colcon.colcon_core.environment:checking '/home/jahnavi-srikoti/drone_project_jazzy(1)/drone_project/ros2_ws/install/drone_fleet/lib/python3.12/site-packages'
[12.863s] Level 1:colcon.colcon_core.environment:checking '/home/jahnavi-srikoti/drone_project_jazzy(1)/drone_project/ros2_ws/install/drone_fleet/bin'
[12.863s] INFO:colcon.colcon_core.shell:Creating package script '/home/jahnavi-srikoti/drone_project_jazzy(1)/drone_project/ros2_ws/install/drone_fleet/share/drone_fleet/package.ps1'
[12.864s] INFO:colcon.colcon_core.shell:Creating package descriptor '/home/jahnavi-srikoti/drone_project_jazzy(1)/drone_project/ros2_ws/install/drone_fleet/share/drone_fleet/package.dsv'
[12.864s] INFO:colcon.colcon_core.shell:Creating package script '/home/jahnavi-srikoti/drone_project_jazzy(1)/drone_project/ros2_ws/install/drone_fleet/share/drone_fleet/package.sh'
[12.865s] INFO:colcon.colcon_core.shell:Creating package script '/home/jahnavi-srikoti/drone_project_jazzy(1)/drone_project/ros2_ws/install/drone_fleet/share/drone_fleet/package.bash'
[12.865s] INFO:colcon.colcon_core.shell:Creating package script '/home/jahnavi-srikoti/drone_project_jazzy(1)/drone_project/ros2_ws/install/drone_fleet/share/drone_fleet/package.zsh'
[12.866s] Level 1:colcon.colcon_core.environment:create_file_with_runtime_dependencies(/home/jahnavi-srikoti/drone_project_jazzy(1)/drone_project/ros2_ws/install/drone_fleet/share/colcon-core/packages/drone_fleet)
[12.866s] Level 1:colcon.colcon_core.environment:create_environment_scripts_only(drone_fleet)
[12.866s] Level 1:colcon.colcon_core.environment:checking '/home/jahnavi-srikoti/drone_project_jazzy(1)/drone_project/ros2_ws/install/drone_fleet' for CMake module files
[12.867s] Level 1:colcon.colcon_core.environment:checking '/home/jahnavi-srikoti/drone_project_jazzy(1)/drone_project/ros2_ws/install/drone_fleet' for CMake config files
[12.867s] Level 1:colcon.colcon_core.shell:create_environment_hook('drone_fleet', 'cmake_prefix_path')
[12.867s] INFO:colcon.colcon_core.shell:Creating environment hook '/home/jahnavi-srikoti/drone_project_jazzy(1)/drone_project/ros2_ws/install/drone_fleet/share/drone_fleet/hook/cmake_prefix_path.ps1'
[12.868s] INFO:colcon.colcon_core.shell:Creating environment descriptor '/home/jahnavi-srikoti/drone_project_jazzy(1)/drone_project/ros2_ws/install/drone_fleet/share/drone_fleet/hook/cmake_prefix_path.dsv'
[12.868s] INFO:colcon.colcon_core.shell:Creating environment hook '/home/jahnavi-srikoti/drone_project_jazzy(1)/drone_project/ros2_ws/install/drone_fleet/share/drone_fleet/hook/cmake_prefix_path.sh'
[12.868s] Level 1:colcon.colcon_core.environment:checking '/home/jahnavi-srikoti/drone_project_jazzy(1)/drone_project/ros2_ws/install/drone_fleet/lib'
[12.868s] Level 1:colcon.colcon_core.environment:checking '/home/jahnavi-srikoti/drone_project_jazzy(1)/drone_project/ros2_ws/install/drone_fleet/bin'
[12.868s] Level 1:colcon.colcon_core.environment:checking '/home/jahnavi-srikoti/drone_project_jazzy(1)/drone_project/ros2_ws/install/drone_fleet/lib/pkgconfig/drone_fleet.pc'
[12.869s] Level 1:colcon.colcon_core.environment:checking '/home/jahnavi-srikoti/drone_project_jazzy(1)/drone_project/ros2_ws/install/drone_fleet/lib/python3.12/site-packages'
[12.869s] Level 1:colcon.colcon_core.environment:checking '/home/jahnavi-srikoti/drone_project_jazzy(1)/drone_project/ros2_ws/install/drone_fleet/bin'
[12.869s] INFO:colcon.colcon_core.shell:Creating package script '/home/jahnavi-srikoti/drone_project_jazzy(1)/drone_project/ros2_ws/install/drone_fleet/share/drone_fleet/package.ps1'
[12.869s] INFO:colcon.colcon_core.shell:Creating package descriptor '/home/jahnavi-srikoti/drone_project_jazzy(1)/drone_project/ros2_ws/install/drone_fleet/share/drone_fleet/package.dsv'
[12.870s] INFO:colcon.colcon_core.shell:Creating package script '/home/jahnavi-srikoti/drone_project_jazzy(1)/drone_project/ros2_ws/install/drone_fleet/share/drone_fleet/package.sh'
[12.870s] INFO:colcon.colcon_core.shell:Creating package script '/home/jahnavi-srikoti/drone_project_jazzy(1)/drone_project/ros2_ws/install/drone_fleet/share/drone_fleet/package.bash'
[12.870s] INFO:colcon.colcon_core.shell:Creating package script '/home/jahnavi-srikoti/drone_project_jazzy(1)/drone_project/ros2_ws/install/drone_fleet/share/drone_fleet/package.zsh'
[12.871s] Level 1:colcon.colcon_core.environment:create_file_with_runtime_dependencies(/home/jahnavi-srikoti/drone_project_jazzy(1)/drone_project/ros2_ws/install/drone_fleet/share/colcon-core/packages/drone_fleet)
[12.871s] DEBUG:colcon.colcon_parallel_executor.executor.parallel:closing loop
[12.871s] DEBUG:colcon.colcon_parallel_executor.executor.parallel:loop closed
[12.871s] DEBUG:colcon.colcon_parallel_executor.executor.parallel:run_until_complete finished with '0'
[12.871s] DEBUG:colcon.colcon_core.event_reactor:joining thread
[12.876s] INFO:colcon.colcon_core.plugin_system:Skipping extension 'colcon_notification.desktop_notification.terminal_notifier': Not used on non-Darwin systems
[12.876s] INFO:colcon.colcon_core.plugin_system:Skipping extension 'colcon_notification.desktop_notification.win32': Not used on non-Windows systems
[12.876s] INFO:colcon.colcon_notification.desktop_notification:Sending desktop notification using 'notify2'
[12.891s] DEBUG:colcon.colcon_core.event_reactor:joined thread
[12.891s] INFO:colcon.colcon_core.shell:Creating prefix script '/home/jahnavi-srikoti/drone_project_jazzy(1)/drone_project/ros2_ws/install/local_setup.ps1'
[12.892s] INFO:colcon.colcon_core.shell:Creating prefix util module '/home/jahnavi-srikoti/drone_project_jazzy(1)/drone_project/ros2_ws/install/_local_setup_util_ps1.py'
[12.893s] INFO:colcon.colcon_core.shell:Creating prefix chain script '/home/jahnavi-srikoti/drone_project_jazzy(1)/drone_project/ros2_ws/install/setup.ps1'
[12.894s] INFO:colcon.colcon_core.shell:Creating prefix script '/home/jahnavi-srikoti/drone_project_jazzy(1)/drone_project/ros2_ws/install/local_setup.sh'
[12.895s] INFO:colcon.colcon_core.shell:Creating prefix util module '/home/jahnavi-srikoti/drone_project_jazzy(1)/drone_project/ros2_ws/install/_local_setup_util_sh.py'
[12.895s] INFO:colcon.colcon_core.shell:Creating prefix chain script '/home/jahnavi-srikoti/drone_project_jazzy(1)/drone_project/ros2_ws/install/setup.sh'
[12.896s] INFO:colcon.colcon_core.shell:Creating prefix script '/home/jahnavi-srikoti/drone_project_jazzy(1)/drone_project/ros2_ws/install/local_setup.bash'
[12.897s] INFO:colcon.colcon_core.shell:Creating prefix chain script '/home/jahnavi-srikoti/drone_project_jazzy(1)/drone_project/ros2_ws/install/setup.bash'
[12.897s] INFO:colcon.colcon_core.shell:Creating prefix script '/home/jahnavi-srikoti/drone_project_jazzy(1)/drone_project/ros2_ws/install/local_setup.zsh'
[12.898s] INFO:colcon.colcon_core.shell:Creating prefix chain script '/home/jahnavi-srikoti/drone_project_jazzy(1)/drone_project/ros2_ws/install/setup.zsh'
